**** Job Debugging Information ****
This job will run on n2130

ENVIRONMENT VARIABLES
BASH=/bin/bash
BASHOPTS=cmdhist:extquote:force_fignore:hostcomplete:interactive_comments:progcomp:promptvars:sourcepath
BASH_ALIASES=()
BASH_ARGC=()
BASH_ARGV=()
BASH_CMDS=()
BASH_ENV=/sw/modules-1.775/init/bash
BASH_LINENO=([0]="0")
BASH_REMATCH=([0]=":/sw/modules-1.775/share/man:")
BASH_SOURCE=([0]="/var/spool/slurm/d/job2548479/slurm_script")
BASH_VERSINFO=([0]="4" [1]="2" [2]="46" [3]="2" [4]="release" [5]="x86_64-redhat-linux-gnu")
BASH_VERSION='4.2.46(2)-release'
CONDA_DEFAULT_ENV=base
CONDA_EXE=/gscratch/ilahie/cgavinh/anaconda3/bin/conda
CONDA_PREFIX=/gscratch/ilahie/cgavinh/anaconda3
CONDA_PROMPT_MODIFIER='(base) '
CONDA_PYTHON_EXE=/gscratch/ilahie/cgavinh/anaconda3/bin/python
CONDA_SHLVL=1
DIRSTACK=()
ENV=/sw/modules-1.775/init/profile.sh
ENVIRONMENT=BATCH
EUID=1102024
GAUSS_BSDDIR=/sw/contrib/gaussian/g16/B01/g16/bsd
GAUSS_EXEDIR=/sw/contrib/gaussian/g16/B01/g16/bsd:/sw/contrib/gaussian/g16/B01/g16/local:/sw/contrib/gaussian/g16/B01/g16/extras:/sw/contrib/gaussian/g16/B01/g16
GAUSS_LEXEDIR=/sw/contrib/gaussian/g16/B01/g16/linda-exe
GAUSS_SCRDIR=/scr
GROUPS=()
HISTCONTROL=ignoredups
HISTSIZE=1000
HOME=/usr/lusers/cgavinh
HOSTNAME=n2130
HOSTTYPE=x86_64
HYAK_GLOCAL=/sw/local
IFS=$' \t\n'
LANG=en_US.UTF-8
LD_LIBRARY64_PATH=/sw/contrib/gaussian/g16/B01/g16/bsd:/sw/contrib/gaussian/g16/B01/g16/local:/sw/contrib/gaussian/g16/B01/g16/extras:/sw/contrib/gaussian/g16/B01/g16
LD_LIBRARY64_PATH_modshare=/sw/contrib/gaussian/g16/B01/g16/local:1:/sw/contrib/gaussian/g16/B01/g16/extras:1:/sw/contrib/gaussian/g16/B01/g16/bsd:1:/sw/contrib/gaussian/g16/B01/g16:1
LESSOPEN='||/usr/bin/lesspipe.sh %s'
LOADEDMODULES=contrib/g16.b01
LOADEDMODULES_modshare=contrib/g16.b01:1
LOGNAME=cgavinh
MACHTYPE=x86_64-redhat-linux-gnu
MAIL=/var/spool/mail/cgavinh
MANPATH=/sw/modules-1.775/share/man:/usr/local/share/man:/usr/share/man/en:/usr/share/man:/usr/local/man
MODULEPATH=/sw/modules-1.775/modulefiles
MODULEPATH_modshare=/sw/modules-1.775/modulefiles:1
MODULESHOME=/sw/modules-1.775
MOSH_SERVER_NETWORK_TMOUT=2592000
OPTERR=1
OPTIND=1
OSTYPE=linux-gnu
PATH=/gscratch/ilahie/cgavinh/anaconda3/bin:/gscratch/ilahie/cgavinh/anaconda3/condabin:/gscratch/ilahie/cgavinh/anaconda3/bin:/sw/local/bin:/usr/lib64/qt-3.3/bin:/sw/modules-1.775/bin:/usr/lpp/mmfs/bin:/usr/local/bin:/usr/bin:/usr/local/sbin:/usr/sbin:/usr/lusers/cgavinh/bin:/sw/contrib/gaussian/g16/B01/g16/bsd:/sw/contrib/gaussian/g16/B01/g16/local:/sw/contrib/gaussian/g16/B01/g16/extras:/sw/contrib/gaussian/g16/B01/g16
PATH_modshare=/sw/modules-1.775/bin:1:/sw/contrib/gaussian/g16/B01/g16/local:1:/usr/bin:1:/usr/local/bin:1:/gscratch/ilahie/cgavinh/anaconda3/bin:1:/sw/contrib/gaussian/g16/B01/g16/bsd:1:/sw/local/bin:1:/usr/sbin:1:/gscratch/ilahie/cgavinh/anaconda3/condabin:1:/sw/contrib/gaussian/g16/B01/g16/extras:1:/usr/lusers/cgavinh/bin:1:/usr/local/sbin:1:/usr/lpp/mmfs/bin:1:/usr/lib64/qt-3.3/bin:1:/sw/contrib/gaussian/g16/B01/g16:1
PIPESTATUS=([0]="0")
PPID=22651
PS4='+ '
PWD=/gscratch/ilahie/mccoygrp/coire_hoono/hono
QTDIR=/usr/lib64/qt-3.3
QTINC=/usr/lib64/qt-3.3/include
QTLIB=/usr/lib64/qt-3.3/lib
QT_GRAPHICSSYSTEM_CHECKED=1
SHELL=/bin/bash
SHELLOPTS=braceexpand:hashall:interactive-comments
SHLVL=2
SLURMD_NODENAME=n2130
SLURM_CLUSTER_NAME=mox
SLURM_CONF=/etc/slurm/slurm.conf
SLURM_CPUS_ON_NODE=28
SLURM_GTIDS=0
SLURM_JOBID=2548479
SLURM_JOB_ACCOUNT=ilahie
SLURM_JOB_CPUS_PER_NODE=28
SLURM_JOB_GID=20725
SLURM_JOB_ID=2548479
SLURM_JOB_NAME=hono
SLURM_JOB_NODELIST=n2130
SLURM_JOB_NUM_NODES=1
SLURM_JOB_PARTITION=ilahie
SLURM_JOB_QOS=normal
SLURM_JOB_UID=1102024
SLURM_JOB_USER=cgavinh
SLURM_LOCALID=0
SLURM_MEM_PER_NODE=131072
SLURM_NNODES=1
SLURM_NODEID=0
SLURM_NODELIST=n2130
SLURM_NODE_ALIASES='(null)'
SLURM_PRIO_PROCESS=0
SLURM_PROCID=0
SLURM_SUBMIT_DIR=/gscratch/ilahie/mccoygrp/coire_hoono/hono
SLURM_SUBMIT_HOST=mox1.hyak.local
SLURM_TASKS_PER_NODE=28
SLURM_TASK_PID=22656
SLURM_TOPOLOGY_ADDR=n2130
SLURM_TOPOLOGY_ADDR_PATTERN=node
SLURM_WORKING_CLUSTER=mox:mgmt4.hyak.local:6817:9216:109
SSH_CLIENT='71.231.112.172 49234 22'
SSH_CONNECTION='71.231.112.172 49234 198.48.92.24 22'
SSH_TTY=/dev/pts/35
TERM=xterm-256color
TMPDIR=/tmp
UID=1102024
USER=cgavinh
XDG_RUNTIME_DIR=/run/user/1102024
XDG_SESSION_ID=571684
_='ENVIRONMENT VARIABLES'
_CE_CONDA=
_CE_M=
_LMFILES_=/sw/modules-1.775/modulefiles/contrib/g16.b01
_LMFILES__modshare=/sw/modules-1.775/modulefiles/contrib/g16.b01:1
g16root=/sw/contrib/gaussian/g16/B01
manpath=/sw/modules-1.775/share/man:/usr/local/share/man:/usr/share/man/en:/usr/share/man:/usr/local/man
module () 
{ 
    eval `/usr/bin/tclsh /sw/modules-1.775/libexec/modulecmd.tcl bash $*`
}
moduleraw () 
{ 
    eval `/usr/bin/tclsh /sw/modules-1.775/libexec/modulecmd.tcl bash $*`
}
**********************************************
 Read checkpoint file hono_r1_m_005.chk
 Write formatted file hono_r1_m_005.fchk
 FChkPn:  Coordinates translated and rotated.
 FChkPn:  Coordinates match /B/ after translation and rotation.
 Read checkpoint file hono_r1_p_005.chk
 Write formatted file hono_r1_p_005.fchk
 FChkPn:  Coordinates translated and rotated.
 FChkPn:  Coordinates match /B/ after translation and rotation.
 Read checkpoint file hono_r2_m_005.chk
 Write formatted file hono_r2_m_005.fchk
 FChkPn:  Coordinates translated and rotated.
 FChkPn:  Coordinates match /B/ after translation and rotation.
 Read checkpoint file hono_r2_p_005.chk
 Write formatted file hono_r2_p_005.fchk
 FChkPn:  Coordinates translated and rotated.
 FChkPn:  Coordinates match /B/ after translation and rotation.
 Read checkpoint file hono_r3_m_005.chk
 Write formatted file hono_r3_m_005.fchk
 FChkPn:  Coordinates translated and rotated.
 FChkPn:  Coordinates match /B/ after translation and rotation.
 Read checkpoint file hono_r3_p_005.chk
 Write formatted file hono_r3_p_005.fchk
 FChkPn:  Coordinates translated and rotated.
 FChkPn:  Coordinates match /B/ after translation and rotation.
 Read checkpoint file hono_a1_m_5.chk
 Write formatted file hono_a1_m_5.fchk
 FChkPn:  Coordinates translated and rotated.
 FChkPn:  Coordinates match /B/ after translation and rotation.
 Read checkpoint file hono_a1_p_5.chk
 Write formatted file hono_a1_p_5.fchk
 FChkPn:  Coordinates translated and rotated.
 FChkPn:  Coordinates match /B/ after translation and rotation.
 Read checkpoint file hono_a2_m_5.chk
 Write formatted file hono_a2_m_5.fchk
 FChkPn:  Coordinates translated and rotated.
 FChkPn:  Coordinates match /B/ after translation and rotation.
 Read checkpoint file hono_a2_p_5.chk
 Write formatted file hono_a2_p_5.fchk
 FChkPn:  Coordinates translated and rotated.
 FChkPn:  Coordinates match /B/ after translation and rotation.
 Read checkpoint file hono_d1_m_5.chk
 Write formatted file hono_d1_m_5.fchk
 FChkPn:  Coordinates translated and rotated.
 FChkPn:  Coordinates match /B/ after translation and rotation.
 Read checkpoint file hono_d1_p_5.chk
 Write formatted file hono_d1_p_5.fchk
 FChkPn:  Coordinates translated and rotated.
 FChkPn:  Coordinates match /B/ after translation and rotation.
